============================= test session starts =============================
platform win32 -- Python 3.14.3, pytest-9.0.2, pluggy-1.6.0 -- C:\Users\lcladm\.antigravity\Polymarket\.venv\Scripts\python.exe
cachedir: .pytest_cache
rootdir: C:\Users\lcladm\.antigravity\Polymarket
configfile: pytest.ini
plugins: anyio-4.12.1, asyncio-1.3.0
asyncio: mode=Mode.STRICT, debug=False, asyncio_default_fixture_loop_scope=None, asyncio_default_test_loop_scope=function
collecting ... collected 260 items

tests/test_no_side_diagnostics.py::TestSideDiagnosticsToDict::test_default_values_roundtrip PASSED [  0%]
tests/test_no_side_diagnostics.py::TestSideDiagnosticsToDict::test_populated_values_roundtrip PASSED [  0%]
tests/test_no_side_diagnostics.py::TestSideDiagnosticsToDict::test_market_title_truncated_to_60_chars PASSED [  1%]
tests/test_no_side_diagnostics.py::TestSideDiagnosticsToDict::test_edges_are_rounded PASSED [  1%]
tests/test_no_side_diagnostics.py::TestSideDiagnosticsToDict::test_no_price_source_values_are_strings PASSED [  1%]
tests/test_no_side_diagnostics.py::TestNoPriceSourceClassification::test_no_best_ask_present_is_real_book PASSED [  2%]
tests/test_no_side_diagnostics.py::TestNoPriceSourceClassification::test_no_best_ask_absent_is_synthetic PASSED [  2%]
tests/test_no_side_diagnostics.py::TestNoPriceSourceClassification::test_no_book_fetched_flag_matches_presence PASSED [  3%]
tests/test_no_side_diagnostics.py::TestNoPriceSourceClassification::test_no_token_id_present_flag PASSED [  3%]
tests/test_no_side_diagnostics.py::TestNoSideUntradable::test_no_ask_099_is_untradable PASSED [  3%]
tests/test_no_side_diagnostics.py::TestNoSideUntradable::test_no_ask_099_direction_reason_untradable_when_no_edge_dominates PASSED [  4%]
tests/test_no_side_diagnostics.py::TestNoSideUntradable::test_no_ask_090_is_suspicious PASSED [  4%]
tests/test_no_side_diagnostics.py::TestNoEdgeDominates::test_healthy_no_book_no_edge_dominates PASSED [  5%]
tests/test_no_side_diagnostics.py::TestNoEdgeDominates::test_no_edge_dominates_selects_no_direction PASSED [  5%]
tests/test_no_side_diagnostics.py::TestNoEdgeDominates::test_yes_edge_dominates_when_yes_greater PASSED [  5%]
tests/test_no_side_diagnostics.py::TestBothEdgesNegative::test_both_edges_negative_no_signal PASSED [  6%]
tests/test_no_side_diagnostics.py::TestBothEdgesNegative::test_both_edges_negative_with_synthetic_no_price PASSED [  6%]
tests/test_no_side_diagnostics.py::TestDiagnosticsStorage::test_rejected_market_still_stored PASSED [  6%]
tests/test_no_side_diagnostics.py::TestDiagnosticsStorage::test_accepted_market_stored_with_direction PASSED [  7%]
tests/test_no_side_diagnostics.py::TestDiagnosticsStorage::test_multiple_markets_each_get_diagnostics PASSED [  7%]
tests/test_no_side_diagnostics.py::TestDiagnosticsStorage::test_diagnostics_cleared_on_analyze PASSED [  8%]
tests/test_no_side_diagnostics.py::TestDiagnosticsStorage::test_get_last_diagnostics_returns_copy PASSED [  8%]
tests/test_no_side_diagnostics.py::TestEdgeArithmetic::test_yes_edge_equals_prob_minus_ask PASSED [  8%]
tests/test_no_side_diagnostics.py::TestEdgeArithmetic::test_no_edge_real_book PASSED [  9%]
tests/test_no_side_diagnostics.py::TestEdgeArithmetic::test_no_edge_synthetic PASSED [  9%]
tests/test_no_side_diagnostics.py::TestEdgeArithmetic::test_no_real_book_missing_used_as_reason_when_no_edge_better PASSED [ 10%]
tests/test_no_side_execution_path.py::test_yes_direction_uses_yes_token_id PASSED [ 10%]
tests/test_no_side_execution_path.py::test_no_direction_uses_no_token_id PASSED [ 10%]
tests/test_no_side_execution_path.py::test_no_direction_requires_real_book_and_healthy PASSED [ 11%]
tests/test_no_side_execution_path.py::test_no_direction_rejected_when_ask_is_099 PASSED [ 11%]
tests/test_no_side_execution_path.py::test_no_direction_rejected_when_ask_is_suspicious_090 PASSED [ 11%]
tests/test_no_side_execution_path.py::test_no_direction_rejected_when_no_best_ask_missing PASSED [ 12%]
tests/test_no_side_execution_path.py::test_no_direction_rejected_when_no_best_ask_is_none PASSED [ 12%]
tests/test_no_side_execution_path.py::test_signal_direction_matches_diagnostics_selected_direction_yes PASSED [ 13%]
tests/test_no_side_execution_path.py::test_signal_direction_matches_diagnostics_selected_direction_no PASSED [ 13%]
tests/test_no_side_execution_path.py::test_signal_direction_none_when_all_edges_negative PASSED [ 13%]
tests/test_no_side_execution_path.py::test_no_direction_never_uses_yes_token_id PASSED [ 14%]
tests/test_shadow_live_side_consistency.py::TestRealBookNormalAsk::test_live_source_is_real_book PASSED [ 14%]
tests/test_shadow_live_side_consistency.py::TestRealBookNormalAsk::test_shadow_source_is_real_book PASSED [ 15%]
tests/test_shadow_live_side_consistency.py::TestRealBookNormalAsk::test_live_price_equals_market_value PASSED [ 15%]
tests/test_shadow_live_side_consistency.py::TestRealBookNormalAsk::test_shadow_price_equals_market_value PASSED [ 15%]
tests/test_shadow_live_side_consistency.py::TestRealBookNormalAsk::test_prices_match_across_paths PASSED [ 16%]
tests/test_shadow_live_side_consistency.py::TestRealBookNormalAsk::test_health_is_ok PASSED [ 16%]
tests/test_shadow_live_side_consistency.py::TestMissingNoBook::test_live_source_is_synthetic_when_no_book_not_fetched PASSED [ 16%]
tests/test_shadow_live_side_consistency.py::TestMissingNoBook::test_shadow_source_is_synthetic PASSED [ 17%]
tests/test_shadow_live_side_consistency.py::TestMissingNoBook::test_live_synthetic_price_is_complement_of_yes PASSED [ 17%]
tests/test_shadow_live_side_consistency.py::TestMissingNoBook::test_shadow_synthetic_price_uses_bid_yes_when_available PASSED [ 18%]
tests/test_shadow_live_side_consistency.py::TestMissingNoBook::test_shadow_synthetic_falls_back_to_ask_when_bid_zero PASSED [ 18%]
tests/test_shadow_live_side_consistency.py::TestMissingNoBook::test_sources_agree_as_synthetic PASSED [ 18%]
tests/test_shadow_live_side_consistency.py::TestUntradableNoBook::test_live_source_is_real_book PASSED [ 19%]
tests/test_shadow_live_side_consistency.py::TestUntradableNoBook::test_live_health_is_untradable PASSED [ 19%]
tests/test_shadow_live_side_consistency.py::TestUntradableNoBook::test_live_price_is_0_99 PASSED [ 20%]
tests/test_shadow_live_side_consistency.py::TestUntradableNoBook::test_shadow_source_is_real_book PASSED [ 20%]
tests/test_shadow_live_side_consistency.py::TestUntradableNoBook::test_shadow_price_is_0_99 PASSED [ 20%]
tests/test_shadow_live_side_consistency.py::TestUntradableNoBook::test_both_see_real_book_with_same_value PASSED [ 21%]
tests/test_shadow_live_side_consistency.py::TestZeroNoAsk::test_live_does_not_use_zero_as_real_book PASSED [ 21%]
tests/test_shadow_live_side_consistency.py::TestZeroNoAsk::test_live_source_is_missing_when_book_was_fetched PASSED [ 21%]
tests/test_shadow_live_side_consistency.py::TestZeroNoAsk::test_live_source_is_synthetic_when_book_not_fetched PASSED [ 22%]
tests/test_shadow_live_side_consistency.py::TestZeroNoAsk::test_shadow_does_not_use_zero_as_real_book PASSED [ 22%]
tests/test_shadow_live_side_consistency.py::TestZeroNoAsk::test_shadow_falls_through_to_synthetic PASSED [ 23%]
tests/test_shadow_live_side_consistency.py::TestZeroNoAsk::test_live_synthetic_price_is_complement PASSED [ 23%]
tests/test_shadow_live_side_consistency.py::TestZeroNoAsk::test_shadow_synthetic_price_uses_bid_yes PASSED [ 23%]
tests/test_shadow_live_side_consistency.py::TestZeroNoAsk::test_prices_match_when_bid_yes_equals_yes_price PASSED [ 24%]
tests/test_shadow_live_side_consistency.py::TestMappingContextIncludesNoSrc::test_real_book_context_contains_no_src PASSED [ 24%]
tests/test_shadow_live_side_consistency.py::TestMappingContextIncludesNoSrc::test_synthetic_context_contains_no_src PASSED [ 25%]
tests/test_shadow_live_side_consistency.py::TestMappingContextIncludesNoSrc::test_context_contains_no_ask_value PASSED [ 25%]
tests/test_shadow_live_side_consistency.py::TestMappingContextIncludesNoSrc::test_context_contains_ew_status PASSED [ 25%]
tests/test_shadow_live_side_consistency.py::TestMappingContextIncludesNoSrc::test_context_contains_dir_reason PASSED [ 26%]
tests/test_shadow_live_side_consistency.py::TestMappingContextIncludesNoSrc::test_context_format_matches_expected_order PASSED [ 26%]
tests/test_shadow_live_side_consistency.py::TestMappingContextIncludesNoSrc::test_real_book_context_end_to_end PASSED [ 26%]
tests/test_shadow_live_side_consistency.py::TestMappingContextIncludesNoSrc::test_synthetic_context_end_to_end PASSED [ 27%]
tests/test_shadow_live_side_consistency.py::TestStringInputsCoercedCorrectly::test_live_string_zero_falls_to_synthetic PASSED [ 27%]
tests/test_shadow_live_side_consistency.py::TestStringInputsCoercedCorrectly::test_shadow_string_zero_falls_to_synthetic PASSED [ 28%]
tests/test_shadow_live_side_consistency.py::TestStringInputsCoercedCorrectly::test_live_string_float_parsed_as_real_book PASSED [ 28%]
tests/test_shadow_live_side_consistency.py::TestStringInputsCoercedCorrectly::test_shadow_string_float_parsed_as_real_book PASSED [ 28%]
tests/test_entry_window_policy.py::test_parse_5m_start_time PASSED       [ 29%]
tests/test_entry_window_policy.py::test_parse_15m_start_time PASSED      [ 29%]
tests/test_entry_window_policy.py::test_parse_missing_start_time_returns_none PASSED [ 30%]
tests/test_entry_window_policy.py::test_5m_within_window_passes PASSED   [ 30%]
tests/test_entry_window_policy.py::test_5m_too_early_rejected PASSED     [ 30%]
tests/test_entry_window_policy.py::test_5m_too_late_rejected PASSED      [ 31%]
tests/test_entry_window_policy.py::test_15m_within_window_passes PASSED  [ 31%]
tests/test_entry_window_policy.py::test_15m_too_early_rejected PASSED    [ 31%]
tests/test_entry_window_policy.py::test_15m_too_late_rejected PASSED     [ 32%]
tests/test_entry_window_policy.py::test_missing_start_time_returns_rejection PASSED [ 32%]
tests/test_entry_window_policy.py::test_unsupported_horizon_returns_unavailable PASSED [ 33%]
tests/test_entry_window_policy.py::test_custom_policy_overrides_defaults PASSED [ 33%]
tests/test_entry_window_policy.py::test_5m_window_bounds_computed_correctly PASSED [ 33%]
tests/test_entry_window_policy.py::test_15m_window_bounds_computed_correctly PASSED [ 34%]
tests/test_entry_window_policy.py::test_seconds_to_start_populated PASSED [ 34%]
tests/test_entry_window_policy.py::test_approval_delay_pushed_out_of_window PASSED [ 35%]
tests/test_entry_window_policy.py::test_default_policy_values PASSED     [ 35%]
tests/test_entry_window_live_gate.py::test_no_question_entry_window_skipped PASSED [ 35%]
tests/test_entry_window_live_gate.py::test_no_policy_entry_window_skipped PASSED [ 36%]
tests/test_entry_window_live_gate.py::test_within_window_at_start_passes PASSED [ 36%]
tests/test_entry_window_live_gate.py::test_within_window_30s_before_start PASSED [ 36%]
tests/test_entry_window_live_gate.py::test_within_window_60s_after_start PASSED [ 37%]
tests/test_entry_window_live_gate.py::test_too_early_blocks_live_gate PASSED [ 37%]
tests/test_entry_window_live_gate.py::test_too_early_rejection_value_in_reason PASSED [ 38%]
tests/test_entry_window_live_gate.py::test_too_late_blocks_live_gate PASSED [ 38%]
tests/test_entry_window_live_gate.py::test_too_late_rejection_value_in_reason PASSED [ 38%]
tests/test_entry_window_live_gate.py::test_check_named_entry_window PASSED [ 39%]
tests/test_entry_window_live_gate.py::test_total_checks_count_is_11_no_entry_window PASSED [ 39%]
tests/test_entry_window_live_gate.py::test_total_checks_count_is_11_with_entry_window PASSED [ 40%]
tests/test_entry_window_live_gate.py::test_total_checks_count_is_11_too_early PASSED [ 40%]
tests/test_entry_window_live_gate.py::test_blockers_contains_too_early_enum_value PASSED [ 40%]
tests/test_entry_window_live_gate.py::test_blockers_contains_too_late_enum_value PASSED [ 41%]
tests/test_entry_window_live_gate.py::test_recheck_after_approval_too_late_uses_approval_delay_rejection PASSED [ 41%]
tests/test_entry_window_live_gate.py::test_recheck_after_approval_too_early_uses_approval_delay_rejection PASSED [ 41%]
tests/test_entry_window_live_gate.py::test_exactly_at_window_open_boundary_passes PASSED [ 42%]
tests/test_entry_window_live_gate.py::test_exactly_at_window_close_boundary_passes PASSED [ 42%]
tests/test_entry_window_live_gate.py::test_one_second_before_window_open_fails PASSED [ 43%]
tests/test_entry_window_live_gate.py::test_one_second_after_window_close_fails PASSED [ 43%]
tests/test_5m_15m_timing_windows.py::test_5m_market_start_parsed_correctly PASSED [ 43%]
tests/test_5m_15m_timing_windows.py::test_15m_market_start_parsed_correctly PASSED [ 44%]
tests/test_5m_15m_timing_windows.py::test_compute_horizon_5m PASSED      [ 44%]
tests/test_5m_15m_timing_windows.py::test_compute_horizon_15m PASSED     [ 45%]
tests/test_5m_15m_timing_windows.py::test_5m_44s_before_start_passes PASSED [ 45%]
tests/test_5m_15m_timing_windows.py::test_5m_46s_before_start_fails PASSED [ 45%]
tests/test_5m_15m_timing_windows.py::test_5m_89s_after_start_passes PASSED [ 46%]
tests/test_5m_15m_timing_windows.py::test_5m_91s_after_start_fails PASSED [ 46%]
tests/test_5m_15m_timing_windows.py::test_15m_59s_before_start_passes PASSED [ 46%]
tests/test_5m_15m_timing_windows.py::test_15m_61s_before_start_fails PASSED [ 47%]
tests/test_5m_15m_timing_windows.py::test_15m_179s_after_start_passes PASSED [ 47%]
tests/test_5m_15m_timing_windows.py::test_15m_181s_after_start_fails PASSED [ 48%]
tests/test_5m_15m_timing_windows.py::test_custom_policy_5m_30s_60s PASSED [ 48%]
tests/test_5m_15m_timing_windows.py::test_5m_result_contains_correct_window_bounds PASSED [ 48%]
tests/test_5m_15m_timing_windows.py::test_15m_result_contains_correct_window_bounds PASSED [ 49%]
tests/test_5m_15m_timing_windows.py::test_horizon_above_20_returns_unavailable PASSED [ 49%]
tests/test_5m_15m_timing_windows.py::test_default_policy_5m_values PASSED [ 50%]
tests/test_5m_15m_timing_windows.py::test_default_policy_15m_values PASSED [ 50%]
tests/test_approval_delay_recheck.py::TestNormalCheckTooLate::test_rejection_enum PASSED [ 50%]
tests/test_approval_delay_recheck.py::TestNormalCheckTooLate::test_not_approval_delay PASSED [ 51%]
tests/test_approval_delay_recheck.py::TestNormalCheckTooLate::test_window_boundaries_in_result PASSED [ 51%]
tests/test_approval_delay_recheck.py::TestRecheckAfterApprovalTooLate::test_rejection_enum PASSED [ 51%]
tests/test_approval_delay_recheck.py::TestRecheckAfterApprovalTooLate::test_not_too_late PASSED [ 52%]
tests/test_approval_delay_recheck.py::TestRecheckAfterApprovalTooLate::test_passed_is_false PASSED [ 52%]
tests/test_approval_delay_recheck.py::TestNormalCheckTooEarly::test_rejection_enum PASSED [ 53%]
tests/test_approval_delay_recheck.py::TestNormalCheckTooEarly::test_not_approval_delay PASSED [ 53%]
tests/test_approval_delay_recheck.py::TestRecheckAfterApprovalTooEarly::test_rejection_enum PASSED [ 53%]
tests/test_approval_delay_recheck.py::TestRecheckAfterApprovalTooEarly::test_not_too_early PASSED [ 54%]
tests/test_approval_delay_recheck.py::TestRecheckWithinWindow::test_passes_at_start PASSED [ 54%]
tests/test_approval_delay_recheck.py::TestRecheckWithinWindow::test_passes_just_after_window_opens PASSED [ 55%]
tests/test_approval_delay_recheck.py::TestRecheckWithinWindow::test_passes_before_window_closes PASSED [ 55%]
tests/test_approval_delay_recheck.py::TestRecheckWithinWindow::test_no_rejection_set PASSED [ 55%]
tests/test_approval_delay_recheck.py::TestApprovalDelayScenario::test_initial_check_passes PASSED [ 56%]
tests/test_approval_delay_recheck.py::TestApprovalDelayScenario::test_recheck_after_2_min_delay_fails PASSED [ 56%]
tests/test_approval_delay_recheck.py::TestApprovalDelayScenario::test_1s_before_close_still_passes PASSED [ 56%]
tests/test_approval_delay_recheck.py::TestApprovalDelayScenario::test_1s_after_close_rejected_with_approval_delay PASSED [ 57%]
tests/test_approval_delay_recheck.py::TestApprovalDelayScenario::test_reason_string_populated PASSED [ 57%]
tests/test_approval_delay_recheck.py::TestLiveGateRecheckPassthrough::test_recheck_within_window_passes_entry_window PASSED [ 58%]
tests/test_approval_delay_recheck.py::TestLiveGateRecheckPassthrough::test_recheck_past_window_entry_window_blocked PASSED [ 58%]
tests/test_approval_delay_recheck.py::TestLiveGateRecheckPassthrough::test_normal_check_past_window_too_late_reason PASSED [ 58%]
tests/test_approval_delay_recheck.py::TestLiveGateRecheckPassthrough::test_is_recheck_false_is_default PASSED [ 59%]
tests/test_market_start_time_parsing.py::TestParseMarketStartTime::test_valid_5m_window PASSED [ 59%]
tests/test_market_start_time_parsing.py::TestParseMarketStartTime::test_valid_15m_window PASSED [ 60%]
tests/test_market_start_time_parsing.py::TestParseMarketStartTime::test_am_time PASSED [ 60%]
tests/test_market_start_time_parsing.py::TestParseMarketStartTime::test_noon_pm_edge_case PASSED [ 60%]
tests/test_market_start_time_parsing.py::TestParseMarketStartTime::test_midnight_am_edge_case PASSED [ 61%]
tests/test_market_start_time_parsing.py::TestParseMarketStartTime::test_missing_date_returns_none PASSED [ 61%]
tests/test_market_start_time_parsing.py::TestParseMarketStartTime::test_missing_time_returns_none PASSED [ 61%]
tests/test_market_start_time_parsing.py::TestParseMarketStartTime::test_malformed_no_time_range_returns_none PASSED [ 62%]
tests/test_market_start_time_parsing.py::TestParseMarketStartTime::test_january PASSED [ 62%]
tests/test_market_start_time_parsing.py::TestParseMarketStartTime::test_june PASSED [ 63%]
tests/test_market_start_time_parsing.py::TestParseMarketStartTime::test_december PASSED [ 63%]
tests/test_market_start_time_parsing.py::TestParseMarketStartTime::test_single_digit_day PASSED [ 63%]
tests/test_market_start_time_parsing.py::TestParseMarketStartTime::test_two_digit_day PASSED [ 64%]
tests/test_market_start_time_parsing.py::TestParseMarketStartTime::test_em_dash_separator PASSED [ 64%]
tests/test_market_start_time_parsing.py::TestParseMarketTimes::test_valid_5m_returns_start_and_end PASSED [ 65%]
tests/test_market_start_time_parsing.py::TestParseMarketTimes::test_valid_15m_returns_start_and_end PASSED [ 65%]
tests/test_market_start_time_parsing.py::TestParseMarketTimes::test_am_time_start_and_end PASSED [ 65%]
tests/test_market_start_time_parsing.py::TestParseMarketTimes::test_bad_input_returns_none_none PASSED [ 66%]
tests/test_market_start_time_parsing.py::TestParseMarketTimes::test_missing_date_returns_none_none PASSED [ 66%]
tests/test_market_start_time_parsing.py::TestParseMarketTimes::test_em_dash_separator PASSED [ 66%]
tests/test_market_start_time_parsing.py::TestComputeHorizonMinutes::test_5m_horizon PASSED [ 67%]
tests/test_market_start_time_parsing.py::TestComputeHorizonMinutes::test_15m_horizon PASSED [ 67%]
tests/test_market_start_time_parsing.py::TestComputeHorizonMinutes::test_5m_am_horizon PASSED [ 68%]
tests/test_market_start_time_parsing.py::TestComputeHorizonMinutes::test_unparseable_returns_none PASSED [ 68%]
tests/test_market_start_time_parsing.py::TestComputeHorizonMinutes::test_missing_time_returns_none PASSED [ 68%]
tests/test_market_start_time_parsing.py::TestComputeHorizonMinutes::test_empty_string_returns_none PASSED [ 69%]
tests/test_market_start_time_parsing.py::TestComputeHorizonMinutes::test_em_dash_horizon PASSED [ 69%]
tests/test_live_gate.py::test_all_pass PASSED                            [ 70%]
tests/test_live_gate.py::test_live_trading_false_blocks PASSED           [ 70%]
tests/test_live_gate.py::test_readiness_missing_blocks PASSED            [ 70%]
tests/test_live_gate.py::test_readiness_wrong_verdict_blocks PASSED      [ 71%]
tests/test_live_gate.py::test_daily_stop_blocks PASSED                   [ 71%]
tests/test_live_gate.py::test_position_count_blocks PASSED               [ 71%]
tests/test_live_gate.py::test_rate_limit_blocks PASSED                   [ 72%]
tests/test_live_gate.py::test_reentry_guard_blocks PASSED                [ 72%]
tests/test_live_gate.py::test_expiry_guard_blocks PASSED                 [ 73%]
tests/test_live_gate.py::test_capital_insufficient_blocks PASSED         [ 73%]
tests/test_live_gate.py::test_approval_false_blocks PASSED               [ 73%]
tests/test_live_gate.py::test_to_dict_structure PASSED                   [ 74%]
tests/test_live_gate.py::test_multiple_blockers PASSED                   [ 74%]
tests/test_direction_logic.py::test_bullish_yields_yes_direction PASSED  [ 75%]
tests/test_direction_logic.py::test_bearish_yields_no_direction PASSED   [ 75%]
tests/test_direction_logic.py::test_neutral_no_signal PASSED             [ 75%]
tests/test_direction_logic.py::test_no_signal_entry_price_is_no_price PASSED [ 76%]
tests/test_direction_logic.py::test_yes_signal_market_price_is_yes_price PASSED [ 76%]
tests/test_execution_path.py::test_simulate_yes_order PASSED             [ 76%]
tests/test_execution_path.py::test_simulate_no_order PASSED              [ 77%]
tests/test_execution_path.py::test_yes_unrealized_pnl_math PASSED        [ 77%]
tests/test_execution_path.py::test_no_unrealized_pnl_math PASSED         [ 78%]
tests/test_execution_path.py::test_close_no_double_count PASSED          [ 78%]
tests/test_execution_path.py::test_full_sim_execution_chain PASSED       [ 78%]
tests/test_expiry_guard.py::test_valid_market_passes PASSED              [ 79%]
tests/test_expiry_guard.py::test_expired_market_rejected PASSED          [ 79%]
tests/test_expiry_guard.py::test_no_end_date_rejected PASSED             [ 80%]
tests/test_expiry_guard.py::test_too_far_rejected PASSED                 [ 80%]
tests/test_expiry_guard.py::test_too_near_rejected PASSED                [ 80%]
tests/test_expiry_guard.py::test_hours_to_close_positive PASSED          [ 81%]
tests/test_expiry_guard.py::test_hours_to_close_negative_for_expired PASSED [ 81%]
tests/test_expiry_guard.py::test_hours_to_close_none_for_no_date PASSED  [ 81%]
tests/test_expiry_guard.py::test_filter_markets PASSED                   [ 82%]
tests/test_expiry_guard.py::test_date_only_string PASSED                 [ 82%]
tests/test_expiry_guard.py::test_z_suffix_handled PASSED                 [ 83%]
tests/test_reentry_guard.py::test_not_blocked_initially PASSED           [ 83%]
tests/test_reentry_guard.py::test_blocked_after_mark_closed PASSED       [ 83%]
tests/test_reentry_guard.py::test_blocked_after_mark_traded PASSED       [ 84%]
tests/test_reentry_guard.py::test_clear_removes_block PASSED             [ 84%]
tests/test_reentry_guard.py::test_blocked_count PASSED                   [ 85%]
tests/test_reentry_guard.py::test_blocked_markets_returns_set PASSED     [ 85%]
tests/test_reentry_guard.py::test_persistence PASSED                     [ 85%]
tests/test_reentry_guard.py::test_cleanup_stale PASSED                   [ 86%]
tests/test_process_lock.py::test_acquire_creates_lock_file PASSED        [ 86%]
tests/test_process_lock.py::test_is_mine_after_acquire PASSED            [ 86%]
tests/test_process_lock.py::test_is_held_after_acquire PASSED            [ 87%]
tests/test_process_lock.py::test_release_removes_file PASSED             [ 87%]
tests/test_process_lock.py::test_is_held_false_when_no_file PASSED       [ 88%]
tests/test_process_lock.py::test_holder_pid_none_when_no_file PASSED     [ 88%]
tests/test_process_lock.py::test_info_no_lock PASSED                     [ 88%]
tests/test_process_lock.py::test_stale_lock_cleaned_up PASSED            [ 89%]
tests/test_process_lock.py::test_double_release_idempotent PASSED        [ 89%]
tests/test_control_plane_types.py::test_approval_state_values PASSED     [ 90%]
tests/test_control_plane_types.py::test_valid_transitions_from_pending PASSED [ 90%]
tests/test_control_plane_types.py::test_valid_transitions_from_approved PASSED [ 90%]
tests/test_control_plane_types.py::test_terminal_states_no_transitions PASSED [ 91%]
tests/test_control_plane_types.py::test_live_gate_check_pass PASSED      [ 91%]
tests/test_control_plane_types.py::test_live_gate_check_fail PASSED      [ 91%]
tests/test_control_plane_types.py::test_live_gate_result_all_pass PASSED [ 92%]
tests/test_control_plane_types.py::test_live_gate_result_with_blockers PASSED [ 92%]
tests/test_control_plane_types.py::test_live_gate_result_to_dict PASSED  [ 93%]
tests/test_control_plane_types.py::test_expiry_rejection PASSED          [ 93%]
tests/test_control_plane_types.py::test_process_lock_info PASSED         [ 93%]
tests/test_control_plane_integration.py::test_full_order_lifecycle PASSED [ 94%]
tests/test_control_plane_integration.py::test_blocked_order_lifecycle PASSED [ 94%]
tests/test_control_plane_integration.py::test_reentry_prevents_duplicate PASSED [ 95%]
tests/test_control_plane_integration.py::test_expired_market_prevented PASSED [ 95%]
tests/test_control_plane_integration.py::test_state_machine_illegal_transition PASSED [ 95%]
tests/test_approval_queue.py::test_enqueue_returns_id PASSED             [ 96%]
tests/test_approval_queue.py::test_enqueue_state_is_pending PASSED       [ 96%]
tests/test_approval_queue.py::test_approve_transitions_to_approved PASSED [ 96%]
tests/test_approval_queue.py::test_reject_transitions_to_rejected PASSED [ 97%]
tests/test_approval_queue.py::test_mark_executed_after_approve PASSED    [ 97%]
tests/test_approval_queue.py::test_block_execution_after_approve PASSED  [ 98%]
tests/test_approval_queue.py::test_cannot_approve_rejected PASSED        [ 98%]
tests/test_approval_queue.py::test_cannot_execute_pending PASSED         [ 98%]
tests/test_approval_queue.py::test_state_history_tracked PASSED          [ 99%]
tests/test_approval_queue.py::test_cleanup_expired PASSED                [ 99%]
tests/test_approval_queue.py::test_persistence PASSED                    [100%]

============================= 260 passed in 6.32s =============================
